2022/08/15 19:49:38 [emerg] 1#1: open() "/etc/nginx/proxy_params" failed (2: No such file or directory) in /etc/nginx/conf.d/redirect.conf:9
2022/08/15 19:49:39 [emerg] 1#1: open() "/etc/nginx/proxy_params" failed (2: No such file or directory) in /etc/nginx/conf.d/redirect.conf:9
2022/08/15 19:49:40 [emerg] 1#1: open() "/etc/nginx/proxy_params" failed (2: No such file or directory) in /etc/nginx/conf.d/redirect.conf:9
2022/08/15 19:49:40 [emerg] 1#1: open() "/etc/nginx/proxy_params" failed (2: No such file or directory) in /etc/nginx/conf.d/redirect.conf:9
2022/08/15 19:49:42 [emerg] 1#1: open() "/etc/nginx/proxy_params" failed (2: No such file or directory) in /etc/nginx/conf.d/redirect.conf:9
2022/08/15 19:49:44 [emerg] 1#1: open() "/etc/nginx/proxy_params" failed (2: No such file or directory) in /etc/nginx/conf.d/redirect.conf:9
2022/08/15 19:49:47 [emerg] 1#1: open() "/etc/nginx/proxy_params" failed (2: No such file or directory) in /etc/nginx/conf.d/redirect.conf:9
2022/08/15 19:49:54 [emerg] 1#1: open() "/etc/nginx/proxy_params" failed (2: No such file or directory) in /etc/nginx/conf.d/redirect.conf:9
2022/08/15 19:50:07 [emerg] 1#1: open() "/etc/nginx/proxy_params" failed (2: No such file or directory) in /etc/nginx/conf.d/redirect.conf:9
2022/08/15 19:50:33 [emerg] 1#1: open() "/etc/nginx/proxy_params" failed (2: No such file or directory) in /etc/nginx/conf.d/redirect.conf:9
2022/08/15 19:51:25 [emerg] 1#1: open() "/etc/nginx/proxy_params" failed (2: No such file or directory) in /etc/nginx/conf.d/redirect.conf:9
2022/08/15 19:52:25 [emerg] 1#1: open() "/etc/nginx/proxy_params" failed (2: No such file or directory) in /etc/nginx/conf.d/redirect.conf:9
2022/08/15 19:53:26 [emerg] 1#1: open() "/etc/nginx/proxy_params" failed (2: No such file or directory) in /etc/nginx/conf.d/redirect.conf:9
2022/08/15 19:54:26 [notice] 1#1: using the "epoll" event method
2022/08/15 19:54:26 [notice] 1#1: nginx/1.22.0
2022/08/15 19:54:26 [notice] 1#1: built by gcc 10.2.1 20210110 (Debian 10.2.1-6) 
2022/08/15 19:54:26 [notice] 1#1: OS: Linux 4.18.0-372.13.1.el8_6.x86_64
2022/08/15 19:54:26 [notice] 1#1: getrlimit(RLIMIT_NOFILE): 1048576:1048576
2022/08/15 19:54:26 [notice] 1#1: start worker processes
2022/08/15 19:54:26 [notice] 1#1: start worker process 24
2022/08/15 19:54:28 [notice] 1#1: signal 3 (SIGQUIT) received, shutting down
2022/08/15 19:54:28 [notice] 24#24: gracefully shutting down
2022/08/15 19:54:28 [notice] 24#24: exiting
2022/08/15 19:54:28 [notice] 24#24: exit
2022/08/15 19:54:28 [notice] 1#1: signal 17 (SIGCHLD) received from 24
2022/08/15 19:54:28 [notice] 1#1: worker process 24 exited with code 0
2022/08/15 19:54:28 [notice] 1#1: exit
2022/08/15 19:54:35 [notice] 1#1: using the "epoll" event method
2022/08/15 19:54:35 [notice] 1#1: nginx/1.22.0
2022/08/15 19:54:35 [notice] 1#1: built by gcc 10.2.1 20210110 (Debian 10.2.1-6) 
2022/08/15 19:54:35 [notice] 1#1: OS: Linux 4.18.0-372.13.1.el8_6.x86_64
2022/08/15 19:54:35 [notice] 1#1: getrlimit(RLIMIT_NOFILE): 1048576:1048576
2022/08/15 19:54:35 [notice] 1#1: start worker processes
2022/08/15 19:54:35 [notice] 1#1: start worker process 31
2022/08/15 19:54:58 [warn] 31#31: *9 an upstream response is buffered to a temporary file /var/cache/nginx/proxy_temp/1/00/0000000001 while reading upstream, client: 31.133.125.134, server: rockyspace.online, request: "GET /apps/dashboard/img/european-space-agency-barents-bloom.jpg HTTP/1.1", upstream: "http://10.0.0.2:80/apps/dashboard/img/european-space-agency-barents-bloom.jpg", host: "rockyspace.online"
